[2024-06-18 11:04:29,774] multiqc                                            [DEBUG  ]  No MultiQC config found: /home/alba/miniconda3/envs/qualc/lib/python2.7/site-packages/multiqc-1.0.dev0-py2.7.egg/multiqc_config.yaml
[2024-06-18 11:04:29,774] multiqc                                            [DEBUG  ]  No MultiQC config found: /home/alba/.multiqc_config.yaml
[2024-06-18 11:04:29,775] multiqc                                            [DEBUG  ]  No MultiQC config found: multiqc_config.yaml
[2024-06-18 11:04:29,775] multiqc                                            [DEBUG  ]  Command used: /home/alba/miniconda3/envs/qualc/bin/multiqc .
[2024-06-18 11:04:29,775] multiqc                                            [DEBUG  ]  Could not connect to multiqc.info for version check
[2024-06-18 11:04:29,775] multiqc                                            [INFO   ]  This is MultiQC v1.0.dev0
[2024-06-18 11:04:29,775] multiqc                                            [DEBUG  ]  Command     : /home/alba/miniconda3/envs/qualc/bin/multiqc .
[2024-06-18 11:04:29,775] multiqc                                            [DEBUG  ]  Working dir : /media/storage/mcGinn_2021/concatenated_runs/sample_concatenated/fastQC
[2024-06-18 11:04:29,775] multiqc                                            [INFO   ]  Template    : default
[2024-06-18 11:04:29,775] multiqc                                            [INFO   ]  Searching '.'
[2024-06-18 11:04:29,775] multiqc                                            [DEBUG  ]  Analysing modules: custom_content, peddy, methylQA, qualimap, preseq, quast, rseqc, busco, goleft_indexcov, snpeff, gatk, htseq, bcftools, featureCounts, picard, prokka, samblaster, samtools, bamtools, bismark, hicup, salmon, kallisto, slamdunk, star, tophat, bowtie2, bowtie1, cutadapt, trimmomatic, skewer, fastq_screen, fastqc, clusterflow
[2024-06-18 11:04:29,775] multiqc                                            [DEBUG  ]  Using temporary directory for creating report: /tmp/tmpTXMuWk
[2024-06-18 11:04:29,980] multiqc.modules.custom_content.custom_content      [DEBUG  ]  No custom content found
[2024-06-18 11:04:29,985] multiqc.modules.peddy.peddy                        [DEBUG  ]  Could not find any reports in ('.',)
[2024-06-18 11:04:29,987] multiqc.modules.methylQA.methylQA                  [DEBUG  ]  Could not find any reports in ('.',)
[2024-06-18 11:04:29,989] multiqc.modules.qualimap.QM_BamQC                  [DEBUG  ]  Using default Qualimap thresholds: 1, 5, 10, 30, 50
[2024-06-18 11:04:29,995] multiqc.modules.qualimap.qualimap                  [DEBUG  ]  Could not find any reports in ('.',)
[2024-06-18 11:04:30,047] multiqc.modules.preseq.preseq                      [DEBUG  ]  Could not find any preseq data in ('.',)
[2024-06-18 11:04:30,050] multiqc.modules.quast.quast                        [DEBUG  ]  Could not find any reports in ('.',)
[2024-06-18 11:04:30,177] multiqc.modules.rseqc.rseqc                        [DEBUG  ]  Could not find any reports in ('.',)
[2024-06-18 11:04:30,180] multiqc.modules.busco.busco                        [DEBUG  ]  Could not find any reports in ('.',)
[2024-06-18 11:04:30,183] multiqc.modules.goleft_indexcov.goleft_indexcov    [DEBUG  ]  Did not find goleft indexcov outputs in ('.',)
[2024-06-18 11:04:30,216] multiqc.modules.snpeff.snpeff                      [DEBUG  ]  Could not find any data in ('.',)
[2024-06-18 11:04:30,248] multiqc.modules.gatk.gatk                          [DEBUG  ]  Could not find any reports in ('.',)
[2024-06-18 11:04:30,280] multiqc.modules.htseq.htseq                        [DEBUG  ]  Could not find any reports in ('.',)
[2024-06-18 11:04:30,312] multiqc.modules.bcftools.bcftools                  [DEBUG  ]  Could not find any reports in ('.',)
[2024-06-18 11:04:30,314] multiqc.modules.featureCounts.feature_counts       [DEBUG  ]  Could not find any reports in ('.',)
[2024-06-18 11:04:30,617] multiqc.modules.picard.picard                      [DEBUG  ]  Could not find any reports in ('.',)
[2024-06-18 11:04:30,620] multiqc.modules.prokka.prokka                      [DEBUG  ]  Could not find any Prokka data in ('.',)
[2024-06-18 11:04:30,651] multiqc.modules.samblaster.samblaster              [DEBUG  ]  Could not find any data in ('.',)
[2024-06-18 11:04:30,744] multiqc.modules.samtools.samtools                  [DEBUG  ]  Could not find any reports in ('.',)
[2024-06-18 11:04:30,775] multiqc.modules.bamtools.bamtools                  [DEBUG  ]  Could not find any reports in ('.',)
[2024-06-18 11:04:30,782] multiqc.modules.bismark.bismark                    [DEBUG  ]  Could not find any reports in ('.',)
[2024-06-18 11:04:30,785] multiqc.modules.hicup.hicup                        [DEBUG  ]  Could not find any HiCUP data in ('.',)
[2024-06-18 11:04:30,788] multiqc.modules.salmon.salmon                      [DEBUG  ]  Could not find any Salmon data in ('.',)
[2024-06-18 11:04:30,819] multiqc.modules.kallisto.kallisto                  [DEBUG  ]  Could not find any reports in ('.',)
[2024-06-18 11:04:31,006] multiqc.modules.slamdunk.slamdunk                  [DEBUG  ]  No slamdunk reports found.
[2024-06-18 11:04:31,009] multiqc.modules.star.star                          [DEBUG  ]  Could not find any reports in ('.',)
[2024-06-18 11:04:31,012] multiqc.modules.tophat.tophat                      [DEBUG  ]  Could not find any reports in ('.',)
[2024-06-18 11:04:31,044] multiqc.modules.bowtie2.bowtie2                    [DEBUG  ]  Could not find any reports in ('.',)
[2024-06-18 11:04:31,076] multiqc.modules.bowtie1.bowtie1                    [DEBUG  ]  Could not find any reports in ('.',)
[2024-06-18 11:04:31,109] multiqc.modules.cutadapt.cutadapt                  [DEBUG  ]  Could not find any reports in ('.',)
[2024-06-18 11:04:31,143] multiqc.modules.trimmomatic.trimmomatic            [DEBUG  ]  Could not find any Trimmomatic data in ('.',)
[2024-06-18 11:04:31,178] multiqc.modules.skewer.skewer                      [DEBUG  ]  Could not find any data in ('.',)
[2024-06-18 11:04:31,180] multiqc.modules.fastq_screen.fastq_screen          [DEBUG  ]  Could not find any reports in ('.',)
[2024-06-18 11:04:31,913] multiqc.modules.fastqc.fastqc                      [INFO   ]  Found 24 reports
[2024-06-18 11:04:32,117] multiqc.modules.clusterflow.clusterflow            [DEBUG  ]  Could not find any reports in ('.',)
[2024-06-18 11:04:32,118] multiqc                                            [INFO   ]  Report      : multiqc_report.html
[2024-06-18 11:04:32,119] multiqc                                            [INFO   ]  Data        : multiqc_data
[2024-06-18 11:04:32,119] multiqc                                            [DEBUG  ]  Moving data file from '/tmp/tmpTXMuWk/multiqc_data/multiqc_fastqc.txt' to '/media/storage/mcGinn_2021/concatenated_runs/sample_concatenated/fastQC/multiqc_data'
[2024-06-18 11:04:32,119] multiqc                                            [DEBUG  ]  Moving data file from '/tmp/tmpTXMuWk/multiqc_data/multiqc_sources.txt' to '/media/storage/mcGinn_2021/concatenated_runs/sample_concatenated/fastQC/multiqc_data'
[2024-06-18 11:04:32,120] multiqc                                            [DEBUG  ]  Moving data file from '/tmp/tmpTXMuWk/multiqc_data/multiqc_general_stats.txt' to '/media/storage/mcGinn_2021/concatenated_runs/sample_concatenated/fastQC/multiqc_data'
[2024-06-18 11:04:32,172] multiqc                                            [INFO   ]  MultiQC complete
