[2024-06-19 12:44:19,653] multiqc                                            [DEBUG  ]  No MultiQC config found: /home/alba/miniconda3/envs/qualc/lib/python2.7/site-packages/multiqc-1.0.dev0-py2.7.egg/multiqc_config.yaml
[2024-06-19 12:44:19,653] multiqc                                            [DEBUG  ]  No MultiQC config found: /home/alba/.multiqc_config.yaml
[2024-06-19 12:44:19,653] multiqc                                            [DEBUG  ]  No MultiQC config found: multiqc_config.yaml
[2024-06-19 12:44:19,654] multiqc                                            [DEBUG  ]  Command used: /home/alba/miniconda3/envs/qualc/bin/multiqc .
[2024-06-19 12:44:19,654] multiqc                                            [DEBUG  ]  Could not connect to multiqc.info for version check
[2024-06-19 12:44:19,654] multiqc                                            [INFO   ]  This is MultiQC v1.0.dev0
[2024-06-19 12:44:19,654] multiqc                                            [DEBUG  ]  Command     : /home/alba/miniconda3/envs/qualc/bin/multiqc .
[2024-06-19 12:44:19,654] multiqc                                            [DEBUG  ]  Working dir : /media/storage/mcGinn_2021/concatenated_runs/sample_concatenated/fastQC/run2
[2024-06-19 12:44:19,654] multiqc                                            [INFO   ]  Template    : default
[2024-06-19 12:44:19,654] multiqc                                            [INFO   ]  Searching '.'
[2024-06-19 12:44:19,654] multiqc                                            [DEBUG  ]  Analysing modules: custom_content, peddy, methylQA, qualimap, preseq, quast, rseqc, busco, goleft_indexcov, snpeff, gatk, htseq, bcftools, featureCounts, picard, prokka, samblaster, samtools, bamtools, bismark, hicup, salmon, kallisto, slamdunk, star, tophat, bowtie2, bowtie1, cutadapt, trimmomatic, skewer, fastq_screen, fastqc, clusterflow
[2024-06-19 12:44:19,654] multiqc                                            [DEBUG  ]  Using temporary directory for creating report: /tmp/tmpeqZpu1
[2024-06-19 12:44:19,875] multiqc.modules.custom_content.custom_content      [DEBUG  ]  No custom content found
[2024-06-19 12:44:19,881] multiqc.modules.peddy.peddy                        [DEBUG  ]  Could not find any reports in ('.',)
[2024-06-19 12:44:19,883] multiqc.modules.methylQA.methylQA                  [DEBUG  ]  Could not find any reports in ('.',)
[2024-06-19 12:44:19,885] multiqc.modules.qualimap.QM_BamQC                  [DEBUG  ]  Using default Qualimap thresholds: 1, 5, 10, 30, 50
[2024-06-19 12:44:19,891] multiqc.modules.qualimap.qualimap                  [DEBUG  ]  Could not find any reports in ('.',)
[2024-06-19 12:44:19,948] multiqc.modules.preseq.preseq                      [DEBUG  ]  Could not find any preseq data in ('.',)
[2024-06-19 12:44:19,951] multiqc.modules.quast.quast                        [DEBUG  ]  Could not find any reports in ('.',)
[2024-06-19 12:44:20,072] multiqc.modules.rseqc.rseqc                        [DEBUG  ]  Could not find any reports in ('.',)
[2024-06-19 12:44:20,075] multiqc.modules.busco.busco                        [DEBUG  ]  Could not find any reports in ('.',)
[2024-06-19 12:44:20,078] multiqc.modules.goleft_indexcov.goleft_indexcov    [DEBUG  ]  Did not find goleft indexcov outputs in ('.',)
[2024-06-19 12:44:20,108] multiqc.modules.snpeff.snpeff                      [DEBUG  ]  Could not find any data in ('.',)
[2024-06-19 12:44:20,139] multiqc.modules.gatk.gatk                          [DEBUG  ]  Could not find any reports in ('.',)
[2024-06-19 12:44:20,169] multiqc.modules.htseq.htseq                        [DEBUG  ]  Could not find any reports in ('.',)
[2024-06-19 12:44:20,199] multiqc.modules.bcftools.bcftools                  [DEBUG  ]  Could not find any reports in ('.',)
[2024-06-19 12:44:20,201] multiqc.modules.featureCounts.feature_counts       [DEBUG  ]  Could not find any reports in ('.',)
[2024-06-19 12:44:20,489] multiqc.modules.picard.picard                      [DEBUG  ]  Could not find any reports in ('.',)
[2024-06-19 12:44:20,492] multiqc.modules.prokka.prokka                      [DEBUG  ]  Could not find any Prokka data in ('.',)
[2024-06-19 12:44:20,523] multiqc.modules.samblaster.samblaster              [DEBUG  ]  Could not find any data in ('.',)
[2024-06-19 12:44:20,613] multiqc.modules.samtools.samtools                  [DEBUG  ]  Could not find any reports in ('.',)
[2024-06-19 12:44:20,643] multiqc.modules.bamtools.bamtools                  [DEBUG  ]  Could not find any reports in ('.',)
[2024-06-19 12:44:20,650] multiqc.modules.bismark.bismark                    [DEBUG  ]  Could not find any reports in ('.',)
[2024-06-19 12:44:20,652] multiqc.modules.hicup.hicup                        [DEBUG  ]  Could not find any HiCUP data in ('.',)
[2024-06-19 12:44:20,655] multiqc.modules.salmon.salmon                      [DEBUG  ]  Could not find any Salmon data in ('.',)
[2024-06-19 12:44:20,684] multiqc.modules.kallisto.kallisto                  [DEBUG  ]  Could not find any reports in ('.',)
[2024-06-19 12:44:20,859] multiqc.modules.slamdunk.slamdunk                  [DEBUG  ]  No slamdunk reports found.
[2024-06-19 12:44:20,862] multiqc.modules.star.star                          [DEBUG  ]  Could not find any reports in ('.',)
[2024-06-19 12:44:20,865] multiqc.modules.tophat.tophat                      [DEBUG  ]  Could not find any reports in ('.',)
[2024-06-19 12:44:20,895] multiqc.modules.bowtie2.bowtie2                    [DEBUG  ]  Could not find any reports in ('.',)
[2024-06-19 12:44:20,925] multiqc.modules.bowtie1.bowtie1                    [DEBUG  ]  Could not find any reports in ('.',)
[2024-06-19 12:44:20,955] multiqc.modules.cutadapt.cutadapt                  [DEBUG  ]  Could not find any reports in ('.',)
[2024-06-19 12:44:20,986] multiqc.modules.trimmomatic.trimmomatic            [DEBUG  ]  Could not find any Trimmomatic data in ('.',)
[2024-06-19 12:44:21,015] multiqc.modules.skewer.skewer                      [DEBUG  ]  Could not find any data in ('.',)
[2024-06-19 12:44:21,017] multiqc.modules.fastq_screen.fastq_screen          [DEBUG  ]  Could not find any reports in ('.',)
[2024-06-19 12:44:23,979] multiqc.modules.fastqc.fastqc                      [INFO   ]  Found 24 reports
[2024-06-19 12:44:24,177] multiqc.modules.clusterflow.clusterflow            [DEBUG  ]  Could not find any reports in ('.',)
[2024-06-19 12:44:24,179] multiqc                                            [INFO   ]  Report      : multiqc_report.html
[2024-06-19 12:44:24,179] multiqc                                            [INFO   ]  Data        : multiqc_data
[2024-06-19 12:44:24,179] multiqc                                            [DEBUG  ]  Moving data file from '/tmp/tmpeqZpu1/multiqc_data/multiqc_fastqc.txt' to '/media/storage/mcGinn_2021/concatenated_runs/sample_concatenated/fastQC/run2/multiqc_data'
[2024-06-19 12:44:24,179] multiqc                                            [DEBUG  ]  Moving data file from '/tmp/tmpeqZpu1/multiqc_data/multiqc_sources.txt' to '/media/storage/mcGinn_2021/concatenated_runs/sample_concatenated/fastQC/run2/multiqc_data'
[2024-06-19 12:44:24,179] multiqc                                            [DEBUG  ]  Moving data file from '/tmp/tmpeqZpu1/multiqc_data/multiqc_general_stats.txt' to '/media/storage/mcGinn_2021/concatenated_runs/sample_concatenated/fastQC/run2/multiqc_data'
[2024-06-19 12:44:24,230] multiqc                                            [INFO   ]  MultiQC complete
